<?xml version="1.0" encoding="UTF-8"?>
<!-- Generated by org.testng.reporters.JUnitReportReporter -->
<testsuite hostname="DESKTOP-EEUN54T" failures="0" tests="3" name="org.sparksfoundation.HomePage" time="26.538" errors="0" timestamp="26 Jun 2021 16:39:15 GMT">
  <testcase classname="org.sparksfoundation.HomePage" name="CheckTitle" time="17.398"/>
  <testcase classname="org.sparksfoundation.HomePage" name="TestNavigation" time="8.707"/>
  <testcase classname="org.sparksfoundation.HomePage" name="VerifyLogoPresent" time="0.433"/>
</testsuite> <!-- org.sparksfoundation.HomePage -->
