<?xml version="1.0" encoding="UTF-8"?>
<!-- Generated by org.testng.reporters.JUnitReportReporter -->
<testsuite hostname="DESKTOP-EEUN54T" failures="0" tests="1" name="org.sparksfoundation.AboutVisionMissionAndValues" time="34.754" errors="0" timestamp="26 Jun 2021 16:39:15 GMT">
  <testcase classname="org.sparksfoundation.AboutVisionMissionAndValues" name="NavigateToAboutUs" time="34.754"/>
</testsuite> <!-- org.sparksfoundation.AboutVisionMissionAndValues -->
