<?xml version="1.0" encoding="UTF-8"?>
<!-- Generated by org.testng.reporters.JUnitReportReporter -->
<testsuite hostname="DESKTOP-EEUN54T" failures="0" tests="1" name="org.sparksfoundation.JoinUsSubmitDetails" time="32.212" errors="0" timestamp="26 Jun 2021 16:39:15 GMT">
  <testcase classname="org.sparksfoundation.JoinUsSubmitDetails" name="NavigateToJoinUs" time="32.212"/>
</testsuite> <!-- org.sparksfoundation.JoinUsSubmitDetails -->
